<?xml version="1.0" encoding="UTF-8"?>
<!-- Generated by org.testng.reporters.JUnitReportReporter -->
<testsuite hostname="LNAR-CND13325X7" failures="0" tests="4" name="api.test.UserTests2" time="3.754" errors="0" timestamp="2023-10-02T11:14:07 PDT" skipped="0">
  <testcase classname="api.test.UserTests2" name="testPostUser" time="1.894"/>
  <testcase classname="api.test.UserTests2" name="testGetUserByName" time="0.479"/>
  <testcase classname="api.test.UserTests2" name="testUpdateUser" time="0.922"/>
  <testcase classname="api.test.UserTests2" name="deleteUserByName" time="0.459"/>
</testsuite> <!-- api.test.UserTests2 -->
